Vivado Simulator v2021.2
Copyright 1986-1999, 2001-2021 Xilinx, Inc. All Rights Reserved.
Running: D:/Programas/Vivado/2021.2/bin/unwrapped/win64.o/xelab.exe --incr --debug typical --relax --mt 2 -L xil_defaultlib -L secureip --snapshot Pruebas_behav xil_defaultlib.Pruebas -log elaborate.log 
Using 2 slave threads.
Starting static elaboration
Completed static elaboration
Starting simulation data flow analysis
Completed simulation data flow analysis
Time Resolution for simulation is 1ps
Compiling package std.standard
Compiling package std.textio
Compiling package ieee.std_logic_1164
Compiling package ieee.std_logic_arith
Compiling package ieee.std_logic_unsigned
Compiling package ieee.numeric_std
Compiling architecture behavioral of entity xil_defaultlib.demultiplexor [demultiplexor_default]
Compiling architecture behavioral of entity xil_defaultlib.biestableD [biestabled_default]
Compiling architecture behavioral of entity xil_defaultlib.counter [counter_default]
Compiling architecture behavioral of entity xil_defaultlib.reg4bit [reg4bit_default]
Compiling architecture behavioral of entity xil_defaultlib.multiplexor [multiplexor_default]
Compiling architecture behavioral of entity xil_defaultlib.biestableT [biestablet_default]
Compiling architecture behavior of entity xil_defaultlib.contador0a4 [contador0a4_default]
Compiling architecture behavioral of entity xil_defaultlib.cifrado_descifrado [cifrado_descifrado_default]
Compiling architecture behavioral of entity xil_defaultlib.demultiplexor5inps [demultiplexor5inps_default]
Compiling architecture behavioral of entity xil_defaultlib.General [general_default]
Compiling architecture behavior of entity xil_defaultlib.contador0a4rep [contador0a4rep_default]
Compiling architecture behavioral of entity xil_defaultlib.master [master_default]
Compiling architecture behavioral of entity xil_defaultlib.pruebas
Built simulation snapshot Pruebas_behav
